\BOOKMARK [1][-]{section.1}{\376\377\000I\000n\000t\000r\000o\000d\000u\000c\000t\000i\000o\000n}{}% 1
\BOOKMARK [1][-]{section.2}{\376\377\000N\000u\000c\000l\000e\000a\000r\000\040\000p\000h\000y\000s\000i\000c\000s\000\040\000a\000n\000d\000\040\000n\000u\000c\000l\000e\000a\000r\000\040\000a\000s\000t\000r\000o\000p\000h\000y\000s\000i\000c\000s}{}% 2
\BOOKMARK [2][-]{subsection.2.1}{\376\377\000E\000l\000e\000m\000e\000n\000t\000s\000\040\000a\000n\000d\000\040\000t\000h\000e\000i\000r\000\040\000p\000r\000o\000d\000u\000c\000t\000i\000o\000n\000\040\000i\000n\000\040\000t\000h\000e\000\040\000S\000o\000l\000a\000r\000\040\000S\000y\000s\000t\000e\000m}{section.2}% 3
\BOOKMARK [2][-]{subsection.2.2}{\376\377\000N\000u\000c\000l\000e\000a\000r\000\040\000B\000u\000r\000n\000i\000n\000g\000\040\000s\000t\000a\000g\000e\000s\000\040\000o\000f\000\040\000s\000t\000a\000r\000s}{section.2}% 4
\BOOKMARK [2][-]{subsection.2.3}{\376\377\000T\000h\000e\000\040\000p\000r\000o\000d\000u\000c\000t\000i\000o\000n\000\040\000o\000f\000\040\000h\000e\000a\000v\000y\000\040\000n\000u\000c\000l\000e\000i}{section.2}% 5
\BOOKMARK [1][-]{section.3}{\376\377\000N\000u\000c\000l\000e\000a\000r\000\040\000L\000e\000v\000e\000l\000\040\000D\000e\000n\000s\000i\000t\000y\000\040\000a\000n\000d\000\040\000G\000a\000m\000m\000a\000\040\000S\000t\000r\000e\000n\000g\000t\000h\000\040\000F\000u\000n\000c\000t\000i\000o\000n}{}% 6
\BOOKMARK [1][-]{section.4}{\376\377\000T\000A\000L\000Y\000S}{}% 7
\BOOKMARK [1][-]{section.5}{\376\377\000T\000A\000L\000Y\000S\000\040\000e\000x\000e\000r\000c\000i\000s\000e\000s}{}% 8
\BOOKMARK [2][-]{subsection.5.1}{\376\377\000E\000x\000e\000r\000c\000i\000s\000e\000\040\0001}{section.5}% 9
\BOOKMARK [3][-]{subsubsection.5.1.1}{\376\377\0001\0009\0001\000O\000s}{subsection.5.1}% 10
\BOOKMARK [3][-]{subsubsection.5.1.2}{\376\377\0001\0009\0001\000R\000e}{subsection.5.1}% 11
\BOOKMARK [2][-]{subsection.5.2}{\376\377\000E\000x\000e\000r\000c\000i\000s\000e\000\040\0002}{section.5}% 12
\BOOKMARK [3][-]{subsubsection.5.2.1}{\376\377\0002\0000\0008\000P\000b}{subsection.5.2}% 13
\BOOKMARK [2][-]{subsection.5.3}{\376\377\000E\000x\000e\000r\000c\000i\000s\000e\000\040\0003}{section.5}% 14
\BOOKMARK [3][-]{subsubsection.5.3.1}{\376\377\0002\0000\0008\000P\000b\000\040\000W\000i\000t\000h\000\040\000V\000a\000r\000y\000i\000n\000g\000\040\000M\000o\000d\000e\000l\000s}{subsection.5.3}% 15
\BOOKMARK [2][-]{subsection.5.4}{\376\377\000E\000x\000e\000r\000c\000i\000s\000e\000\040\0004}{section.5}% 16
\BOOKMARK [3][-]{subsubsection.5.4.1}{\376\377\0001\0009\0001\000O\000s\000\050\000n\000,\000\040\003\263\000\051\000\040\000W\000i\000t\000h\000\040\000E\000x\000p\000e\000r\000i\000m\000e\000n\000t\000a\000l\000\040\003\263\000-\000R\000a\000y\000\040\000S\000t\000r\000e\000n\000g\000t\000h\000\040\000F\000u\000n\000c\000t\000i\000o\000n}{subsection.5.4}% 17
\BOOKMARK [2][-]{subsection.5.5}{\376\377\000T\000a\000s\000k}{section.5}% 18
\BOOKMARK [3][-]{subsubsection.5.5.1}{\376\377\0001\0002\0000\000S\000n\000\050\000n\000,\000\040\003\263\000\051}{subsection.5.5}% 19
\BOOKMARK [1][-]{section.6}{\376\377\000C\000o\000n\000c\000l\000u\000s\000i\000o\000n\000\040\000a\000n\000d\000\040\000O\000u\000t\000l\000o\000o\000k}{}% 20
